<?xml version="1.0" encoding="UTF-8"?>
<testng-results ignored="0" total="5" passed="5" failed="0" skipped="0">
  <reporter-output>
  </reporter-output>
  <suite started-at="2021-06-05T12:01:32 EDT" name="Default suite" finished-at="2021-06-05T12:01:33 EDT" duration-ms="74">
    <groups>
    </groups>
    <test started-at="2021-06-05T12:01:32 EDT" name="Default test" finished-at="2021-06-05T12:01:33 EDT" duration-ms="74">
      <class name="tests.AmazonSearchDataDrivenTest">
        <test-method is-config="true" signature="beforeMethod()[pri:0, instance:tests.AmazonSearchDataDrivenTest@149e0f5d]" started-at="2021-06-05T12:01:33 EDT" name="beforeMethod" finished-at="2021-06-05T12:01:33 EDT" duration-ms="3" status="PASS">
          <reporter-output>
          </reporter-output>
        </test-method> <!-- beforeMethod -->
        <test-method signature="test(java.lang.String)[pri:0, instance:tests.AmazonSearchDataDrivenTest@149e0f5d]" started-at="2021-06-05T12:01:33 EDT" name="test" data-provider="myDataBucket" finished-at="2021-06-05T12:01:33 EDT" duration-ms="5" status="PASS">
          <params>
            <param index="0">
              <value>
                <![CDATA[coffee mug]]>
              </value>
            </param>
          </params>
          <reporter-output>
          </reporter-output>
        </test-method> <!-- test -->
        <test-method is-config="true" signature="afterMethod()[pri:0, instance:tests.AmazonSearchDataDrivenTest@149e0f5d]" started-at="2021-06-05T12:01:33 EDT" name="afterMethod" finished-at="2021-06-05T12:01:33 EDT" duration-ms="0" status="PASS">
          <reporter-output>
          </reporter-output>
        </test-method> <!-- afterMethod -->
        <test-method signature="test(java.lang.String)[pri:0, instance:tests.AmazonSearchDataDrivenTest@149e0f5d]" started-at="2021-06-05T12:01:33 EDT" name="test" data-provider="myDataBucket" finished-at="2021-06-05T12:01:33 EDT" duration-ms="1" status="PASS">
          <params>
            <param index="0">
              <value>
                <![CDATA[pretty coffee mug]]>
              </value>
            </param>
          </params>
          <reporter-output>
          </reporter-output>
        </test-method> <!-- test -->
        <test-method is-config="true" signature="beforeMethod()[pri:0, instance:tests.AmazonSearchDataDrivenTest@149e0f5d]" started-at="2021-06-05T12:01:33 EDT" name="beforeMethod" finished-at="2021-06-05T12:01:33 EDT" duration-ms="0" status="PASS">
          <reporter-output>
          </reporter-output>
        </test-method> <!-- beforeMethod -->
        <test-method is-config="true" signature="afterMethod()[pri:0, instance:tests.AmazonSearchDataDrivenTest@149e0f5d]" started-at="2021-06-05T12:01:33 EDT" name="afterMethod" finished-at="2021-06-05T12:01:33 EDT" duration-ms="0" status="PASS">
          <reporter-output>
          </reporter-output>
        </test-method> <!-- afterMethod -->
        <test-method is-config="true" signature="beforeMethod()[pri:0, instance:tests.AmazonSearchDataDrivenTest@149e0f5d]" started-at="2021-06-05T12:01:33 EDT" name="beforeMethod" finished-at="2021-06-05T12:01:33 EDT" duration-ms="0" status="PASS">
          <reporter-output>
          </reporter-output>
        </test-method> <!-- beforeMethod -->
        <test-method signature="test(java.lang.String)[pri:0, instance:tests.AmazonSearchDataDrivenTest@149e0f5d]" started-at="2021-06-05T12:01:33 EDT" name="test" data-provider="myDataBucket" finished-at="2021-06-05T12:01:33 EDT" duration-ms="2" status="PASS">
          <params>
            <param index="0">
              <value>
                <![CDATA[cool coffee mug]]>
              </value>
            </param>
          </params>
          <reporter-output>
          </reporter-output>
        </test-method> <!-- test -->
        <test-method is-config="true" signature="afterMethod()[pri:0, instance:tests.AmazonSearchDataDrivenTest@149e0f5d]" started-at="2021-06-05T12:01:33 EDT" name="afterMethod" finished-at="2021-06-05T12:01:33 EDT" duration-ms="1" status="PASS">
          <reporter-output>
          </reporter-output>
        </test-method> <!-- afterMethod -->
        <test-method is-config="true" signature="beforeMethod()[pri:0, instance:tests.AmazonSearchDataDrivenTest@149e0f5d]" started-at="2021-06-05T12:01:33 EDT" name="beforeMethod" finished-at="2021-06-05T12:01:33 EDT" duration-ms="0" status="PASS">
          <reporter-output>
          </reporter-output>
        </test-method> <!-- beforeMethod -->
        <test-method signature="test(java.lang.String)[pri:0, instance:tests.AmazonSearchDataDrivenTest@149e0f5d]" started-at="2021-06-05T12:01:33 EDT" name="test" data-provider="myDataBucket" finished-at="2021-06-05T12:01:33 EDT" duration-ms="1" status="PASS">
          <params>
            <param index="0">
              <value>
                <![CDATA[cute coffee mug]]>
              </value>
            </param>
          </params>
          <reporter-output>
          </reporter-output>
        </test-method> <!-- test -->
        <test-method is-config="true" signature="beforeMethod()[pri:0, instance:tests.AmazonSearchDataDrivenTest@149e0f5d]" started-at="2021-06-05T12:01:33 EDT" name="beforeMethod" finished-at="2021-06-05T12:01:33 EDT" duration-ms="1" status="PASS">
          <reporter-output>
          </reporter-output>
        </test-method> <!-- beforeMethod -->
        <test-method is-config="true" signature="afterMethod()[pri:0, instance:tests.AmazonSearchDataDrivenTest@149e0f5d]" started-at="2021-06-05T12:01:33 EDT" name="afterMethod" finished-at="2021-06-05T12:01:33 EDT" duration-ms="0" status="PASS">
          <reporter-output>
          </reporter-output>
        </test-method> <!-- afterMethod -->
        <test-method signature="test(java.lang.String)[pri:0, instance:tests.AmazonSearchDataDrivenTest@149e0f5d]" started-at="2021-06-05T12:01:33 EDT" name="test" data-provider="myDataBucket" finished-at="2021-06-05T12:01:33 EDT" duration-ms="1" status="PASS">
          <params>
            <param index="0">
              <value>
                <![CDATA[ugly coffee mug]]>
              </value>
            </param>
          </params>
          <reporter-output>
          </reporter-output>
        </test-method> <!-- test -->
        <test-method is-config="true" signature="afterMethod()[pri:0, instance:tests.AmazonSearchDataDrivenTest@149e0f5d]" started-at="2021-06-05T12:01:33 EDT" name="afterMethod" finished-at="2021-06-05T12:01:33 EDT" duration-ms="0" status="PASS">
          <reporter-output>
          </reporter-output>
        </test-method> <!-- afterMethod -->
      </class> <!-- tests.AmazonSearchDataDrivenTest -->
    </test> <!-- Default test -->
  </suite> <!-- Default suite -->
</testng-results>
